Arguments: 
  C:\Program Files\nodejs\node.exe C:\Users\matth\AppData\Roaming\npm\node_modules\yarn\bin\yarn.js install

PATH: 
  C:\Program Files (x86)\Common Files\Oracle\Java\javapath;C:\Windows\system32;C:\Windows;C:\Windows\System32\Wbem;C:\Windows\System32\WindowsPowerShell\v1.0\;C:\Windows\System32\OpenSSH\;C:\Program Files\NVIDIA Corporation\NVIDIA NvDLISR;C:\Program Files\Git\cmd;C:\Program Files\nodejs\;C:\Program Files (x86)\NVIDIA Corporation\PhysX\Common;C:\Users\matth\AppData\Local\Microsoft\WindowsApps;;C:\Users\matth\AppData\Local\Programs\Microsoft VS Code\bin;C:\Users\matth\AppData\Roaming\npm

Yarn version: 
  1.22.10

Node version: 
  14.15.5

Platform: 
  win32 x64

Trace: 
  SyntaxError: C:\Scratchpad\example-repo\client-generated-from-modifed-template\package.json: Unexpected string in JSON at position 483
      at JSON.parse (<anonymous>)
      at C:\Users\matth\AppData\Roaming\npm\node_modules\yarn\lib\cli.js:1625:59
      at Generator.next (<anonymous>)
      at step (C:\Users\matth\AppData\Roaming\npm\node_modules\yarn\lib\cli.js:310:30)
      at C:\Users\matth\AppData\Roaming\npm\node_modules\yarn\lib\cli.js:321:13

npm manifest: 
  {
    "name": "myclient",
    "version": "1.0.0",
    "description": "OpenAPI client for myclient",
    "author": "OpenAPI-Generator Contributors",
    "keywords": [
      "axios",
      "typescript",
      "openapi-client",
      "openapi-generator",
      "myclient"
    ],
    "license": "Unlicense",
    "main": "./dist/index.js",
    "typings": "./dist/index.d.ts",
    "scripts": {
      "build": "tsc --outDir dist/",
      "prepublishOnly": "npm run build"
    },
    "dependencies": {
      "axios": "^0.21.1"
      "axios-retry": "3.1.9",
    },
    "devDependencies": {
      "@types/node": "^12.11.5",
      "typescript": "^3.6.4"
    }
  }

yarn manifest: 
  No manifest

Lockfile: 
  No lockfile
